2020-07-24 15:19:03.954  INFO 15956 --- [restartedMain] com.alvis.exam.ExamApplication           : Starting ExamApplication on LAPTOP-DA32CNEO with PID 15956 (started by 10983 in E:\uexam_project\uexam\source\exam\source\exam - 有注释版)
2020-07-24 15:19:03.955  INFO 15956 --- [restartedMain] com.alvis.exam.ExamApplication           : The following profiles are active: dev
2020-07-24 15:19:04.013  INFO 15956 --- [restartedMain] .e.DevToolsPropertyDefaultsPostProcessor : Devtools property defaults active! Set 'spring.devtools.add-properties' to 'false' to disable
2020-07-24 15:19:04.013  INFO 15956 --- [restartedMain] .e.DevToolsPropertyDefaultsPostProcessor : For additional web related logging consider setting the 'logging.level.web' property to 'DEBUG'
2020-07-24 15:19:04.654  INFO 15956 --- [restartedMain] .s.d.r.c.RepositoryConfigurationDelegate : Multiple Spring Data modules found, entering strict repository configuration mode!
2020-07-24 15:19:04.655  INFO 15956 --- [restartedMain] .s.d.r.c.RepositoryConfigurationDelegate : Bootstrapping Spring Data repositories in DEFAULT mode.
2020-07-24 15:19:04.704  INFO 15956 --- [restartedMain] .s.d.r.c.RepositoryConfigurationDelegate : Finished Spring Data repository scanning in 39ms. Found 0 repository interfaces.
2020-07-24 15:19:05.017  INFO 15956 --- [restartedMain] trationDelegate$BeanPostProcessorChecker : Bean 'cacheConfig' of type [com.alvis.exam.configuration.spring.cache.CacheConfig$$EnhancerBySpringCGLIB$$1c10b3ac] is not eligible for getting processed by all BeanPostProcessors (for example: not eligible for auto-proxying)
2020-07-24 15:19:05.023  INFO 15956 --- [restartedMain] trationDelegate$BeanPostProcessorChecker : Bean 'org.springframework.transaction.annotation.ProxyTransactionManagementConfiguration' of type [org.springframework.transaction.annotation.ProxyTransactionManagementConfiguration$$EnhancerBySpringCGLIB$$b3ecfeef] is not eligible for getting processed by all BeanPostProcessors (for example: not eligible for auto-proxying)
2020-07-24 15:19:05.265  WARN 15956 --- [restartedMain] io.undertow.websockets.jsr               : UT026010: Buffer pool was not set on WebSocketDeploymentInfo, the default pool will be used
2020-07-24 15:19:05.285  INFO 15956 --- [restartedMain] io.undertow.servlet                      : Initializing Spring embedded WebApplicationContext
2020-07-24 15:19:05.285  INFO 15956 --- [restartedMain] o.s.web.context.ContextLoader            : Root WebApplicationContext: initialization completed in 1270 ms
2020-07-24 15:19:06.285  INFO 15956 --- [restartedMain] o.s.s.web.DefaultSecurityFilterChain     : Creating filter chain: any request, [org.springframework.security.web.context.request.async.WebAsyncManagerIntegrationFilter@6e6a58a5, org.springframework.security.web.context.SecurityContextPersistenceFilter@4cea137d, org.springframework.security.web.header.HeaderWriterFilter@2291b951, org.springframework.web.filter.CorsFilter@2fd09d8f, org.springframework.security.web.authentication.logout.LogoutFilter@b8ae7f, com.alvis.exam.configuration.spring.security.RestLoginAuthenticationFilter@68031458, org.springframework.security.web.authentication.UsernamePasswordAuthenticationFilter@6d6659f5, org.springframework.security.web.savedrequest.RequestCacheAwareFilter@3c830c20, org.springframework.security.web.servletapi.SecurityContextHolderAwareRequestFilter@63055457, org.springframework.security.web.authentication.rememberme.RememberMeAuthenticationFilter@779233a, org.springframework.security.web.authentication.AnonymousAuthenticationFilter@542d9f55, org.springframework.security.web.session.SessionManagementFilter@477c37ec, org.springframework.security.web.access.ExceptionTranslationFilter@1771f282, org.springframework.security.web.access.intercept.FilterSecurityInterceptor@2e0df3cf]
2020-07-24 15:19:06.648  INFO 15956 --- [restartedMain] io.lettuce.core.EpollProvider            : Starting without optional epoll library
2020-07-24 15:19:06.649  INFO 15956 --- [restartedMain] io.lettuce.core.KqueueProvider           : Starting without optional kqueue library
2020-07-24 15:19:07.062  INFO 15956 --- [restartedMain] o.s.b.d.a.OptionalLiveReloadServer       : LiveReload server is running on port 35729
2020-07-24 15:19:07.646  INFO 15956 --- [restartedMain] s.a.ScheduledAnnotationBeanPostProcessor : No TaskScheduler/ScheduledExecutorService bean found for scheduled processing
2020-07-24 15:19:07.665  INFO 15956 --- [restartedMain] org.xnio                                 : XNIO version 3.3.8.Final
2020-07-24 15:19:07.671  INFO 15956 --- [restartedMain] org.xnio.nio                             : XNIO NIO Implementation Version 3.3.8.Final
2020-07-24 15:19:07.715  INFO 15956 --- [restartedMain] o.s.b.w.e.u.UndertowServletWebServer     : Undertow started on port(s) 8000 (http) with context path ''
2020-07-24 15:19:07.719  INFO 15956 --- [restartedMain] com.alvis.exam.ExamApplication           : Started ExamApplication in 4.084 seconds (JVM running for 4.71)
2020-07-24 15:19:19.250  INFO 15956 --- [XNIO-1 task-1] io.undertow.servlet                      : Initializing Spring DispatcherServlet 'dispatcherServlet'
2020-07-24 15:19:19.250  INFO 15956 --- [XNIO-1 task-1] o.s.web.servlet.DispatcherServlet        : Initializing Servlet 'dispatcherServlet'
2020-07-24 15:19:19.257  INFO 15956 --- [XNIO-1 task-1] o.s.web.servlet.DispatcherServlet        : Completed initialization in 7 ms
2020-07-24 15:19:21.460  INFO 15956 --- [XNIO-1 task-3] com.zaxxer.hikari.HikariDataSource       : HikariPool-1 - Starting...
2020-07-24 15:19:21.554  INFO 15956 --- [XNIO-1 task-3] com.zaxxer.hikari.HikariDataSource       : HikariPool-1 - Start completed.
2020-07-24 15:19:21.560 DEBUG 15956 --- [XNIO-1 task-3] r.c.a.e.r.U.insertSelective              : ==>  Preparing: insert into t_user_event_log ( user_id, user_name, real_name, content, create_time ) values ( ?, ?, ?, ?, ? ) 
2020-07-24 15:19:21.578 DEBUG 15956 --- [XNIO-1 task-3] r.c.a.e.r.U.insertSelective              : ==> Parameters: 2(Integer), admin(String), 管理员(String), admin 登录了学之思考试系统(String), 2020-07-24 15:19:21.432(Timestamp)
2020-07-24 15:19:21.585 DEBUG 15956 --- [XNIO-1 task-3] r.c.a.e.r.U.insertSelective              : <==    Updates: 1
2020-07-24 15:19:21.687 DEBUG 15956 --- [XNIO-1 task-4] r.c.a.e.r.E.selectAllCount               : ==>  Preparing: SELECT count(*) from t_exam_paper where deleted=0 
2020-07-24 15:19:21.688 DEBUG 15956 --- [XNIO-1 task-4] r.c.a.e.r.E.selectAllCount               : ==> Parameters: 
2020-07-24 15:19:21.699 DEBUG 15956 --- [XNIO-1 task-4] r.c.a.e.r.E.selectAllCount               : <==      Total: 1
2020-07-24 15:19:21.701 DEBUG 15956 --- [XNIO-1 task-4] r.c.a.e.r.QuestionMapper.selectAllCount  : ==>  Preparing: SELECT count(*) from t_question where deleted=0 
2020-07-24 15:19:21.701 DEBUG 15956 --- [XNIO-1 task-4] r.c.a.e.r.QuestionMapper.selectAllCount  : ==> Parameters: 
2020-07-24 15:19:21.702 DEBUG 15956 --- [XNIO-1 task-4] r.c.a.e.r.QuestionMapper.selectAllCount  : <==      Total: 1
2020-07-24 15:19:21.703 DEBUG 15956 --- [XNIO-1 task-4] r.c.a.e.r.E.selectAllCount               : ==>  Preparing: SELECT count(*) from t_exam_paper_answer 
2020-07-24 15:19:21.703 DEBUG 15956 --- [XNIO-1 task-4] r.c.a.e.r.E.selectAllCount               : ==> Parameters: 
2020-07-24 15:19:21.705 DEBUG 15956 --- [XNIO-1 task-4] r.c.a.e.r.E.selectAllCount               : <==      Total: 1
2020-07-24 15:19:21.706 DEBUG 15956 --- [XNIO-1 task-4] r.c.a.e.r.E.selectAllCount               : ==>  Preparing: SELECT count(*) from t_exam_paper_question_customer_answer 
2020-07-24 15:19:21.706 DEBUG 15956 --- [XNIO-1 task-4] r.c.a.e.r.E.selectAllCount               : ==> Parameters: 
2020-07-24 15:19:21.708 DEBUG 15956 --- [XNIO-1 task-4] r.c.a.e.r.E.selectAllCount               : <==      Total: 1
2020-07-24 15:19:21.712 DEBUG 15956 --- [XNIO-1 task-4] r.c.a.e.r.U.selectCountByDate            : ==>  Preparing: SELECT create_time as name,COUNT(create_time) as value from ( SELECT DATE_FORMAT(create_time,'%Y-%m-%d') as create_time from t_user_event_log WHERE create_time between ? and ? ) a GROUP BY create_time 
2020-07-24 15:19:21.713 DEBUG 15956 --- [XNIO-1 task-4] r.c.a.e.r.U.selectCountByDate            : ==> Parameters: 2020-07-01 00:00:00.0(Timestamp), 2020-07-31 23:59:59.0(Timestamp)
2020-07-24 15:19:21.716 DEBUG 15956 --- [XNIO-1 task-4] r.c.a.e.r.U.selectCountByDate            : <==      Total: 10
2020-07-24 15:19:21.718 DEBUG 15956 --- [XNIO-1 task-4] r.c.a.e.r.E.selectCountByDate            : ==>  Preparing: SELECT create_time as name,COUNT(create_time) as value from ( SELECT DATE_FORMAT(create_time,'%Y-%m-%d') as create_time from t_exam_paper_question_customer_answer WHERE create_time between ? and ? ) a GROUP BY create_time 
2020-07-24 15:19:21.719 DEBUG 15956 --- [XNIO-1 task-4] r.c.a.e.r.E.selectCountByDate            : ==> Parameters: 2020-07-01 00:00:00.0(Timestamp), 2020-07-31 23:59:59.0(Timestamp)
2020-07-24 15:19:21.720 DEBUG 15956 --- [XNIO-1 task-4] r.c.a.e.r.E.selectCountByDate            : <==      Total: 2
2020-07-24 15:19:31.414 DEBUG 15956 --- [XNIO-1 task-5] r.c.a.e.r.SubjectMapper.allSubject       : ==>  Preparing: select id, name, level, level_name, item_order, deleted from t_subject WHERE deleted=0 
2020-07-24 15:19:31.414 DEBUG 15956 --- [XNIO-1 task-5] r.c.a.e.r.SubjectMapper.allSubject       : ==> Parameters: 
2020-07-24 15:19:31.417 DEBUG 15956 --- [XNIO-1 task-5] r.c.a.e.r.SubjectMapper.allSubject       : <==      Total: 1
2020-07-24 15:19:31.456 DEBUG 15956 --- [XNIO-1 task-6] r.c.a.e.r.ExamPaperMapper.page_COUNT     : ==>  Preparing: SELECT count(0) FROM t_exam_paper WHERE deleted = 0 
2020-07-24 15:19:31.457 DEBUG 15956 --- [XNIO-1 task-6] r.c.a.e.r.ExamPaperMapper.page_COUNT     : ==> Parameters: 
2020-07-24 15:19:31.458 DEBUG 15956 --- [XNIO-1 task-6] r.c.a.e.r.ExamPaperMapper.page_COUNT     : <==      Total: 1
2020-07-24 15:19:31.461 DEBUG 15956 --- [XNIO-1 task-6] r.c.a.e.repository.ExamPaperMapper.page  : ==>  Preparing: SELECT id, name, subject_id, paper_type, grade_level, score, question_count, suggest_time, limit_start_time, limit_end_time, frame_text_content_id, create_user, create_time, deleted, task_exam_id FROM t_exam_paper WHERE deleted = 0 order by id desc LIMIT ? 
2020-07-24 15:19:31.461 DEBUG 15956 --- [XNIO-1 task-6] r.c.a.e.repository.ExamPaperMapper.page  : ==> Parameters: 10(Integer)
2020-07-24 15:19:31.464 DEBUG 15956 --- [XNIO-1 task-6] r.c.a.e.repository.ExamPaperMapper.page  : <==      Total: 5
2020-07-24 15:19:34.039 DEBUG 15956 --- [XNIO-1 task-7] r.c.a.e.r.SubjectMapper.allSubject       : ==>  Preparing: select id, name, level, level_name, item_order, deleted from t_subject WHERE deleted=0 
2020-07-24 15:19:34.040 DEBUG 15956 --- [XNIO-1 task-7] r.c.a.e.r.SubjectMapper.allSubject       : ==> Parameters: 
2020-07-24 15:19:34.041 DEBUG 15956 --- [XNIO-1 task-7] r.c.a.e.r.SubjectMapper.allSubject       : <==      Total: 1
2020-07-24 15:20:52.843 DEBUG 15956 --- [XNIO-1 task-63] r.c.a.e.r.U.insertSelective              : ==>  Preparing: insert into t_user_event_log ( user_id, user_name, real_name, content, create_time ) values ( ?, ?, ?, ?, ? ) 
2020-07-24 15:20:52.844 DEBUG 15956 --- [XNIO-1 task-63] r.c.a.e.r.U.insertSelective              : ==> Parameters: 2(Integer), admin(String), 管理员(String), admin 登录了学之思考试系统(String), 2020-07-24 15:20:52.841(Timestamp)
2020-07-24 15:20:52.856 DEBUG 15956 --- [XNIO-1 task-63] r.c.a.e.r.U.insertSelective              : <==    Updates: 1
2020-07-24 15:20:52.916 DEBUG 15956 --- [XNIO-1 task-64] r.c.a.e.r.E.selectAllCount               : ==>  Preparing: SELECT count(*) from t_exam_paper where deleted=0 
2020-07-24 15:20:52.917 DEBUG 15956 --- [XNIO-1 task-64] r.c.a.e.r.E.selectAllCount               : ==> Parameters: 
2020-07-24 15:20:52.918 DEBUG 15956 --- [XNIO-1 task-64] r.c.a.e.r.E.selectAllCount               : <==      Total: 1
2020-07-24 15:20:52.918 DEBUG 15956 --- [XNIO-1 task-64] r.c.a.e.r.QuestionMapper.selectAllCount  : ==>  Preparing: SELECT count(*) from t_question where deleted=0 
2020-07-24 15:20:52.918 DEBUG 15956 --- [XNIO-1 task-64] r.c.a.e.r.QuestionMapper.selectAllCount  : ==> Parameters: 
2020-07-24 15:20:52.920 DEBUG 15956 --- [XNIO-1 task-64] r.c.a.e.r.QuestionMapper.selectAllCount  : <==      Total: 1
2020-07-24 15:20:52.921 DEBUG 15956 --- [XNIO-1 task-64] r.c.a.e.r.E.selectAllCount               : ==>  Preparing: SELECT count(*) from t_exam_paper_answer 
2020-07-24 15:20:52.921 DEBUG 15956 --- [XNIO-1 task-64] r.c.a.e.r.E.selectAllCount               : ==> Parameters: 
2020-07-24 15:20:52.923 DEBUG 15956 --- [XNIO-1 task-64] r.c.a.e.r.E.selectAllCount               : <==      Total: 1
2020-07-24 15:20:52.923 DEBUG 15956 --- [XNIO-1 task-64] r.c.a.e.r.E.selectAllCount               : ==>  Preparing: SELECT count(*) from t_exam_paper_question_customer_answer 
2020-07-24 15:20:52.925 DEBUG 15956 --- [XNIO-1 task-64] r.c.a.e.r.E.selectAllCount               : ==> Parameters: 
2020-07-24 15:20:52.926 DEBUG 15956 --- [XNIO-1 task-64] r.c.a.e.r.E.selectAllCount               : <==      Total: 1
2020-07-24 15:20:52.928 DEBUG 15956 --- [XNIO-1 task-64] r.c.a.e.r.U.selectCountByDate            : ==>  Preparing: SELECT create_time as name,COUNT(create_time) as value from ( SELECT DATE_FORMAT(create_time,'%Y-%m-%d') as create_time from t_user_event_log WHERE create_time between ? and ? ) a GROUP BY create_time 
2020-07-24 15:20:52.929 DEBUG 15956 --- [XNIO-1 task-64] r.c.a.e.r.U.selectCountByDate            : ==> Parameters: 2020-07-01 00:00:00.0(Timestamp), 2020-07-31 23:59:59.0(Timestamp)
2020-07-24 15:20:52.931 DEBUG 15956 --- [XNIO-1 task-64] r.c.a.e.r.U.selectCountByDate            : <==      Total: 10
2020-07-24 15:20:52.932 DEBUG 15956 --- [XNIO-1 task-64] r.c.a.e.r.E.selectCountByDate            : ==>  Preparing: SELECT create_time as name,COUNT(create_time) as value from ( SELECT DATE_FORMAT(create_time,'%Y-%m-%d') as create_time from t_exam_paper_question_customer_answer WHERE create_time between ? and ? ) a GROUP BY create_time 
2020-07-24 15:20:52.933 DEBUG 15956 --- [XNIO-1 task-64] r.c.a.e.r.E.selectCountByDate            : ==> Parameters: 2020-07-01 00:00:00.0(Timestamp), 2020-07-31 23:59:59.0(Timestamp)
2020-07-24 15:20:52.934 DEBUG 15956 --- [XNIO-1 task-64] r.c.a.e.r.E.selectCountByDate            : <==      Total: 2
2020-07-24 15:20:57.527 DEBUG 15956 --- [XNIO-1 task-65] r.c.a.e.r.SubjectMapper.allSubject       : ==>  Preparing: select id, name, level, level_name, item_order, deleted from t_subject WHERE deleted=0 
2020-07-24 15:20:57.527 DEBUG 15956 --- [XNIO-1 task-65] r.c.a.e.r.SubjectMapper.allSubject       : ==> Parameters: 
2020-07-24 15:20:57.528 DEBUG 15956 --- [XNIO-1 task-65] r.c.a.e.r.SubjectMapper.allSubject       : <==      Total: 1
2020-07-24 15:20:57.529 DEBUG 15956 --- [XNIO-1 task-66] r.c.a.e.r.ExamPaperMapper.page_COUNT     : ==>  Preparing: SELECT count(0) FROM t_exam_paper WHERE deleted = 0 
2020-07-24 15:20:57.529 DEBUG 15956 --- [XNIO-1 task-66] r.c.a.e.r.ExamPaperMapper.page_COUNT     : ==> Parameters: 
2020-07-24 15:20:57.530 DEBUG 15956 --- [XNIO-1 task-66] r.c.a.e.r.ExamPaperMapper.page_COUNT     : <==      Total: 1
2020-07-24 15:20:57.532 DEBUG 15956 --- [XNIO-1 task-66] r.c.a.e.repository.ExamPaperMapper.page  : ==>  Preparing: SELECT id, name, subject_id, paper_type, grade_level, score, question_count, suggest_time, limit_start_time, limit_end_time, frame_text_content_id, create_user, create_time, deleted, task_exam_id FROM t_exam_paper WHERE deleted = 0 order by id desc LIMIT ? 
2020-07-24 15:20:57.532 DEBUG 15956 --- [XNIO-1 task-66] r.c.a.e.repository.ExamPaperMapper.page  : ==> Parameters: 10(Integer)
2020-07-24 15:20:57.535 DEBUG 15956 --- [XNIO-1 task-66] r.c.a.e.repository.ExamPaperMapper.page  : <==      Total: 5
2020-07-24 15:20:59.919 DEBUG 15956 --- [XNIO-1 task-67] r.c.a.e.r.SubjectMapper.allSubject       : ==>  Preparing: select id, name, level, level_name, item_order, deleted from t_subject WHERE deleted=0 
2020-07-24 15:20:59.920 DEBUG 15956 --- [XNIO-1 task-67] r.c.a.e.r.SubjectMapper.allSubject       : ==> Parameters: 
2020-07-24 15:20:59.921 DEBUG 15956 --- [XNIO-1 task-67] r.c.a.e.r.SubjectMapper.allSubject       : <==      Total: 1
2020-07-24 15:21:23.424 DEBUG 15956 --- [XNIO-1 task-68] r.c.a.e.r.QuestionMapper.page_COUNT      : ==>  Preparing: SELECT count(0) FROM t_question WHERE deleted = 0 AND subject_id = ? 
2020-07-24 15:21:23.424 DEBUG 15956 --- [XNIO-1 task-68] r.c.a.e.r.QuestionMapper.page_COUNT      : ==> Parameters: 1(Integer)
2020-07-24 15:21:23.425 DEBUG 15956 --- [XNIO-1 task-68] r.c.a.e.r.QuestionMapper.page_COUNT      : <==      Total: 1
2020-07-24 15:21:23.427 DEBUG 15956 --- [XNIO-1 task-68] r.c.a.e.repository.QuestionMapper.page   : ==>  Preparing: SELECT id, question_type, subject_id, score, grade_level, difficult, correct, info_text_content_id, create_user, status, create_time, deleted FROM t_question WHERE deleted = 0 AND subject_id = ? order by id desc LIMIT ? 
2020-07-24 15:21:23.428 DEBUG 15956 --- [XNIO-1 task-68] r.c.a.e.repository.QuestionMapper.page   : ==> Parameters: 1(Integer), 5(Integer)
2020-07-24 15:21:23.432 DEBUG 15956 --- [XNIO-1 task-68] r.c.a.e.repository.QuestionMapper.page   : <==      Total: 5
2020-07-24 15:21:28.582 DEBUG 15956 --- [XNIO-1 task-69] r.c.a.e.r.Q.selectByPrimaryKey           : ==>  Preparing: select id, question_type, subject_id, score, grade_level, difficult, correct, info_text_content_id, create_user, status, create_time, deleted from t_question where id = ? 
2020-07-24 15:21:28.582 DEBUG 15956 --- [XNIO-1 task-70] r.c.a.e.r.Q.selectByPrimaryKey           : ==>  Preparing: select id, question_type, subject_id, score, grade_level, difficult, correct, info_text_content_id, create_user, status, create_time, deleted from t_question where id = ? 
2020-07-24 15:21:28.582 DEBUG 15956 --- [XNIO-1 task-69] r.c.a.e.r.Q.selectByPrimaryKey           : ==> Parameters: 271(Integer)
2020-07-24 15:21:28.582 DEBUG 15956 --- [XNIO-1 task-70] r.c.a.e.r.Q.selectByPrimaryKey           : ==> Parameters: 270(Integer)
2020-07-24 15:21:28.583 DEBUG 15956 --- [XNIO-1 task-70] r.c.a.e.r.Q.selectByPrimaryKey           : <==      Total: 1
2020-07-24 15:21:28.583 DEBUG 15956 --- [XNIO-1 task-69] r.c.a.e.r.Q.selectByPrimaryKey           : <==      Total: 1
2020-07-24 15:21:34.262 DEBUG 15956 --- [XNIO-1 task-71] r.c.a.e.r.T.insertSelective              : ==>  Preparing: insert into t_text_content ( content, create_time ) values ( ?, ? ) 
2020-07-24 15:21:34.263 DEBUG 15956 --- [XNIO-1 task-71] r.c.a.e.r.T.insertSelective              : ==> Parameters: [{"name":"222","questionItems":[{"id":271,"itemOrder":1},{"id":270,"itemOrder":2}]}](String), 2020-07-24 15:21:34.254(Timestamp)
2020-07-24 15:21:34.265 DEBUG 15956 --- [XNIO-1 task-71] r.c.a.e.r.T.insertSelective              : <==    Updates: 1
2020-07-24 15:21:34.267 DEBUG 15956 --- [XNIO-1 task-71] r.c.a.e.r.S.selectByPrimaryKey           : ==>  Preparing: select id, name, level, level_name, item_order, deleted from t_subject where id = ? 
2020-07-24 15:21:34.267 DEBUG 15956 --- [XNIO-1 task-71] r.c.a.e.r.S.selectByPrimaryKey           : ==> Parameters: 1(Integer)
2020-07-24 15:21:34.268 DEBUG 15956 --- [XNIO-1 task-71] r.c.a.e.r.S.selectByPrimaryKey           : <==      Total: 1
2020-07-24 15:21:34.286 ERROR 15956 --- [XNIO-1 task-71] c.a.e.c.s.exception.ExceptionHandle      : Index: 0, Size: 0

java.lang.IndexOutOfBoundsException: Index: 0, Size: 0
	at java.util.ArrayList.rangeCheck(ArrayList.java:657)
	at java.util.ArrayList.get(ArrayList.java:433)
	at com.alvis.exam.service.impl.ExamPaperServiceImpl.examPaperFromVM(ExamPaperServiceImpl.java:218)
	at com.alvis.exam.service.impl.ExamPaperServiceImpl.savePaperFromVM(ExamPaperServiceImpl.java:109)
	at sun.reflect.NativeMethodAccessorImpl.invoke0(Native Method)
	at sun.reflect.NativeMethodAccessorImpl.invoke(NativeMethodAccessorImpl.java:62)
	at sun.reflect.DelegatingMethodAccessorImpl.invoke(DelegatingMethodAccessorImpl.java:43)
	at java.lang.reflect.Method.invoke(Method.java:498)
	at org.springframework.aop.support.AopUtils.invokeJoinpointUsingReflection(AopUtils.java:343)
	at org.springframework.aop.framework.ReflectiveMethodInvocation.invokeJoinpoint(ReflectiveMethodInvocation.java:198)
	at org.springframework.aop.framework.ReflectiveMethodInvocation.proceed(ReflectiveMethodInvocation.java:163)
	at org.springframework.transaction.interceptor.TransactionAspectSupport.invokeWithinTransaction(TransactionAspectSupport.java:295)
	at org.springframework.transaction.interceptor.TransactionInterceptor.invoke(TransactionInterceptor.java:98)
	at org.springframework.aop.framework.ReflectiveMethodInvocation.proceed(ReflectiveMethodInvocation.java:186)
	at org.springframework.aop.framework.JdkDynamicAopProxy.invoke(JdkDynamicAopProxy.java:212)
	at com.sun.proxy.$Proxy93.savePaperFromVM(Unknown Source)
	at com.alvis.exam.controller.admin.ExamPaperController.edit(ExamPaperController.java:58)
	at sun.reflect.NativeMethodAccessorImpl.invoke0(Native Method)
	at sun.reflect.NativeMethodAccessorImpl.invoke(NativeMethodAccessorImpl.java:62)
	at sun.reflect.DelegatingMethodAccessorImpl.invoke(DelegatingMethodAccessorImpl.java:43)
	at java.lang.reflect.Method.invoke(Method.java:498)
	at org.springframework.web.method.support.InvocableHandlerMethod.doInvoke(InvocableHandlerMethod.java:190)
	at org.springframework.web.method.support.InvocableHandlerMethod.invokeForRequest(InvocableHandlerMethod.java:138)
	at org.springframework.web.servlet.mvc.method.annotation.ServletInvocableHandlerMethod.invokeAndHandle(ServletInvocableHandlerMethod.java:104)
	at org.springframework.web.servlet.mvc.method.annotation.RequestMappingHandlerAdapter.invokeHandlerMethod(RequestMappingHandlerAdapter.java:892)
	at org.springframework.web.servlet.mvc.method.annotation.RequestMappingHandlerAdapter.handleInternal(RequestMappingHandlerAdapter.java:797)
	at org.springframework.web.servlet.mvc.method.AbstractHandlerMethodAdapter.handle(AbstractHandlerMethodAdapter.java:87)
	at org.springframework.web.servlet.DispatcherServlet.doDispatch(DispatcherServlet.java:1039)
	at org.springframework.web.servlet.DispatcherServlet.doService(DispatcherServlet.java:942)
	at org.springframework.web.servlet.FrameworkServlet.processRequest(FrameworkServlet.java:1005)
	at org.springframework.web.servlet.FrameworkServlet.doPost(FrameworkServlet.java:908)
	at javax.servlet.http.HttpServlet.service(HttpServlet.java:665)
	at org.springframework.web.servlet.FrameworkServlet.service(FrameworkServlet.java:882)
	at javax.servlet.http.HttpServlet.service(HttpServlet.java:750)
	at io.undertow.servlet.handlers.ServletHandler.handleRequest(ServletHandler.java:74)
	at io.undertow.servlet.handlers.FilterHandler$FilterChainImpl.doFilter(FilterHandler.java:129)
	at org.springframework.security.web.authentication.AbstractAuthenticationProcessingFilter.doFilter(AbstractAuthenticationProcessingFilter.java:200)
	at io.undertow.servlet.core.ManagedFilter.doFilter(ManagedFilter.java:61)
	at io.undertow.servlet.handlers.FilterHandler$FilterChainImpl.doFilter(FilterHandler.java:131)
	at org.springframework.security.web.FilterChainProxy$VirtualFilterChain.doFilter(FilterChainProxy.java:320)
	at org.springframework.security.web.access.intercept.FilterSecurityInterceptor.invoke(FilterSecurityInterceptor.java:127)
	at org.springframework.security.web.access.intercept.FilterSecurityInterceptor.doFilter(FilterSecurityInterceptor.java:91)
	at org.springframework.security.web.FilterChainProxy$VirtualFilterChain.doFilter(FilterChainProxy.java:334)
	at org.springframework.security.web.access.ExceptionTranslationFilter.doFilter(ExceptionTranslationFilter.java:119)
	at org.springframework.security.web.FilterChainProxy$VirtualFilterChain.doFilter(FilterChainProxy.java:334)
	at org.springframework.security.web.session.SessionManagementFilter.doFilter(SessionManagementFilter.java:137)
	at org.springframework.security.web.FilterChainProxy$VirtualFilterChain.doFilter(FilterChainProxy.java:334)
	at org.springframework.security.web.authentication.AnonymousAuthenticationFilter.doFilter(AnonymousAuthenticationFilter.java:111)
	at org.springframework.security.web.FilterChainProxy$VirtualFilterChain.doFilter(FilterChainProxy.java:334)
	at org.springframework.security.web.authentication.rememberme.RememberMeAuthenticationFilter.doFilter(RememberMeAuthenticationFilter.java:158)
	at org.springframework.security.web.FilterChainProxy$VirtualFilterChain.doFilter(FilterChainProxy.java:334)
	at org.springframework.security.web.servletapi.SecurityContextHolderAwareRequestFilter.doFilter(SecurityContextHolderAwareRequestFilter.java:170)
	at org.springframework.security.web.FilterChainProxy$VirtualFilterChain.doFilter(FilterChainProxy.java:334)
	at org.springframework.security.web.savedrequest.RequestCacheAwareFilter.doFilter(RequestCacheAwareFilter.java:63)
	at org.springframework.security.web.FilterChainProxy$VirtualFilterChain.doFilter(FilterChainProxy.java:334)
	at org.springframework.security.web.authentication.AbstractAuthenticationProcessingFilter.doFilter(AbstractAuthenticationProcessingFilter.java:200)
	at org.springframework.security.web.FilterChainProxy$VirtualFilterChain.doFilter(FilterChainProxy.java:334)
	at org.springframework.security.web.authentication.AbstractAuthenticationProcessingFilter.doFilter(AbstractAuthenticationProcessingFilter.java:200)
	at org.springframework.security.web.FilterChainProxy$VirtualFilterChain.doFilter(FilterChainProxy.java:334)
	at org.springframework.security.web.authentication.logout.LogoutFilter.doFilter(LogoutFilter.java:116)
	at org.springframework.security.web.FilterChainProxy$VirtualFilterChain.doFilter(FilterChainProxy.java:334)
	at org.springframework.web.filter.CorsFilter.doFilterInternal(CorsFilter.java:96)
	at org.springframework.web.filter.OncePerRequestFilter.doFilter(OncePerRequestFilter.java:109)
	at org.springframework.security.web.FilterChainProxy$VirtualFilterChain.doFilter(FilterChainProxy.java:334)
	at org.springframework.security.web.header.HeaderWriterFilter.doFilterInternal(HeaderWriterFilter.java:74)
	at org.springframework.web.filter.OncePerRequestFilter.doFilter(OncePerRequestFilter.java:109)
	at org.springframework.security.web.FilterChainProxy$VirtualFilterChain.doFilter(FilterChainProxy.java:334)
	at org.springframework.security.web.context.SecurityContextPersistenceFilter.doFilter(SecurityContextPersistenceFilter.java:105)
	at org.springframework.security.web.FilterChainProxy$VirtualFilterChain.doFilter(FilterChainProxy.java:334)
	at org.springframework.security.web.context.request.async.WebAsyncManagerIntegrationFilter.doFilterInternal(WebAsyncManagerIntegrationFilter.java:56)
	at org.springframework.web.filter.OncePerRequestFilter.doFilter(OncePerRequestFilter.java:109)
	at org.springframework.security.web.FilterChainProxy$VirtualFilterChain.doFilter(FilterChainProxy.java:334)
	at org.springframework.security.web.FilterChainProxy.doFilterInternal(FilterChainProxy.java:215)
	at org.springframework.security.web.FilterChainProxy.doFilter(FilterChainProxy.java:178)
	at org.springframework.web.filter.DelegatingFilterProxy.invokeDelegate(DelegatingFilterProxy.java:357)
	at org.springframework.web.filter.DelegatingFilterProxy.doFilter(DelegatingFilterProxy.java:270)
	at io.undertow.servlet.core.ManagedFilter.doFilter(ManagedFilter.java:61)
	at io.undertow.servlet.handlers.FilterHandler$FilterChainImpl.doFilter(FilterHandler.java:131)
	at org.springframework.session.web.http.SessionRepositoryFilter.doFilterInternal(SessionRepositoryFilter.java:151)
	at org.springframework.session.web.http.OncePerRequestFilter.doFilter(OncePerRequestFilter.java:85)
	at io.undertow.servlet.core.ManagedFilter.doFilter(ManagedFilter.java:61)
	at io.undertow.servlet.handlers.FilterHandler$FilterChainImpl.doFilter(FilterHandler.java:131)
	at org.springframework.web.filter.CharacterEncodingFilter.doFilterInternal(CharacterEncodingFilter.java:200)
	at org.springframework.web.filter.OncePerRequestFilter.doFilter(OncePerRequestFilter.java:109)
	at io.undertow.servlet.core.ManagedFilter.doFilter(ManagedFilter.java:61)
	at io.undertow.servlet.handlers.FilterHandler$FilterChainImpl.doFilter(FilterHandler.java:131)
	at io.undertow.servlet.handlers.FilterHandler.handleRequest(FilterHandler.java:84)
	at io.undertow.servlet.handlers.security.ServletSecurityRoleHandler.handleRequest(ServletSecurityRoleHandler.java:62)
	at io.undertow.servlet.handlers.ServletChain$1.handleRequest(ServletChain.java:68)
	at io.undertow.servlet.handlers.ServletDispatchingHandler.handleRequest(ServletDispatchingHandler.java:36)
	at io.undertow.servlet.handlers.security.SSLInformationAssociationHandler.handleRequest(SSLInformationAssociationHandler.java:132)
	at io.undertow.servlet.handlers.security.ServletAuthenticationCallHandler.handleRequest(ServletAuthenticationCallHandler.java:57)
	at io.undertow.server.handlers.PredicateHandler.handleRequest(PredicateHandler.java:43)
	at io.undertow.security.handlers.AbstractConfidentialityHandler.handleRequest(AbstractConfidentialityHandler.java:46)
	at io.undertow.servlet.handlers.security.ServletConfidentialityConstraintHandler.handleRequest(ServletConfidentialityConstraintHandler.java:64)
	at io.undertow.security.handlers.AuthenticationMechanismsHandler.handleRequest(AuthenticationMechanismsHandler.java:60)
	at io.undertow.servlet.handlers.security.CachedAuthenticatedSessionHandler.handleRequest(CachedAuthenticatedSessionHandler.java:77)
	at io.undertow.security.handlers.AbstractSecurityContextAssociationHandler.handleRequest(AbstractSecurityContextAssociationHandler.java:43)
	at io.undertow.server.handlers.PredicateHandler.handleRequest(PredicateHandler.java:43)
	at io.undertow.server.handlers.PredicateHandler.handleRequest(PredicateHandler.java:43)
	at io.undertow.servlet.handlers.SessionRestoringHandler.handleRequest(SessionRestoringHandler.java:119)
	at io.undertow.servlet.handlers.ServletInitialHandler.handleFirstRequest(ServletInitialHandler.java:292)
	at io.undertow.servlet.handlers.ServletInitialHandler.access$100(ServletInitialHandler.java:81)
	at io.undertow.servlet.handlers.ServletInitialHandler$2.call(ServletInitialHandler.java:138)
	at io.undertow.servlet.handlers.ServletInitialHandler$2.call(ServletInitialHandler.java:135)
	at io.undertow.servlet.core.ServletRequestContextThreadSetupAction$1.call(ServletRequestContextThreadSetupAction.java:48)
	at io.undertow.servlet.core.ContextClassLoaderSetupAction$1.call(ContextClassLoaderSetupAction.java:43)
	at io.undertow.servlet.handlers.ServletInitialHandler.dispatchRequest(ServletInitialHandler.java:272)
	at io.undertow.servlet.handlers.ServletInitialHandler.access$000(ServletInitialHandler.java:81)
	at io.undertow.servlet.handlers.ServletInitialHandler$1.handleRequest(ServletInitialHandler.java:104)
	at io.undertow.server.Connectors.executeRootHandler(Connectors.java:364)
	at io.undertow.server.HttpServerExchange$1.run(HttpServerExchange.java:830)
	at java.util.concurrent.ThreadPoolExecutor.runWorker(ThreadPoolExecutor.java:1149)
	at java.util.concurrent.ThreadPoolExecutor$Worker.run(ThreadPoolExecutor.java:624)
	at java.lang.Thread.run(Thread.java:748)

